2023-02-23 11:38:04,185 INFO  [restartedMain] com.tpe.JwtAuthApplication:Starting JwtAuthApplication using Java 17.0.6 on DESKTOP-EGIHC3V with PID 14616 (C:\Users\fadim\IdeaProjects\SpringLessons\jwt-auth\target\classes started by fadim in C:\Users\fadim\IdeaProjects\SpringLessons\jwt-auth)
2023-02-23 11:38:04,187 DEBUG [restartedMain] com.tpe.JwtAuthApplication:Running with Spring Boot v2.6.3, Spring v5.3.15
2023-02-23 11:38:04,188 INFO  [restartedMain] com.tpe.JwtAuthApplication:No active profile set, falling back to default profiles: default
2023-02-23 11:38:04,273 INFO  [restartedMain] org.springframework.boot.devtools.env.DevToolsPropertyDefaultsPostProcessor:Devtools property defaults active! Set 'spring.devtools.add-properties' to 'false' to disable
2023-02-23 11:38:04,273 INFO  [restartedMain] org.springframework.boot.devtools.env.DevToolsPropertyDefaultsPostProcessor:For additional web related logging consider setting the 'logging.level.web' property to 'DEBUG'
2023-02-23 11:38:05,770 INFO  [restartedMain] org.springframework.data.repository.config.RepositoryConfigurationDelegate:Bootstrapping Spring Data JPA repositories in DEFAULT mode.
2023-02-23 11:38:05,873 INFO  [restartedMain] org.springframework.data.repository.config.RepositoryConfigurationDelegate:Finished Spring Data repository scanning in 85 ms. Found 2 JPA repository interfaces.
2023-02-23 11:38:07,013 INFO  [restartedMain] org.springframework.boot.web.embedded.tomcat.TomcatWebServer:Tomcat initialized with port(s): 8083 (http)
2023-02-23 11:38:07,031 INFO  [restartedMain] org.apache.catalina.core.StandardService:Starting service [Tomcat]
2023-02-23 11:38:07,031 INFO  [restartedMain] org.apache.catalina.core.StandardEngine:Starting Servlet engine: [Apache Tomcat/9.0.56]
2023-02-23 11:38:07,157 INFO  [restartedMain] org.apache.catalina.core.ContainerBase.[Tomcat].[localhost].[/]:Initializing Spring embedded WebApplicationContext
2023-02-23 11:38:07,158 INFO  [restartedMain] org.springframework.boot.web.servlet.context.ServletWebServerApplicationContext:Root WebApplicationContext: initialization completed in 2884 ms
2023-02-23 11:38:07,598 INFO  [restartedMain] org.hibernate.jpa.internal.util.LogHelper:HHH000204: Processing PersistenceUnitInfo [name: default]
2023-02-23 11:38:07,721 INFO  [restartedMain] org.hibernate.Version:HHH000412: Hibernate ORM core version 5.6.4.Final
2023-02-23 11:38:08,350 INFO  [restartedMain] org.hibernate.annotations.common.Version:HCANN000001: Hibernate Commons Annotations {5.1.2.Final}
2023-02-23 11:38:08,588 INFO  [restartedMain] com.zaxxer.hikari.HikariDataSource:HikariPool-1 - Starting...
2023-02-23 11:38:08,819 INFO  [restartedMain] com.zaxxer.hikari.HikariDataSource:HikariPool-1 - Start completed.
2023-02-23 11:38:08,860 INFO  [restartedMain] org.hibernate.dialect.Dialect:HHH000400: Using dialect: org.hibernate.dialect.PostgreSQL9Dialect
2023-02-23 11:38:10,084 WARN  [restartedMain] org.hibernate.engine.jdbc.spi.SqlExceptionHelper:SQL Warning Code: 0, SQLState: 00000
2023-02-23 11:38:10,084 WARN  [restartedMain] org.hibernate.engine.jdbc.spi.SqlExceptionHelper:"t_user" nesnesinin "uk_b5q5wl2w4kiod1gyimirwmfse" kısıtlaması mevcut değil, atlanıyor
2023-02-23 11:38:10,099 INFO  [restartedMain] org.hibernate.engine.transaction.jta.platform.internal.JtaPlatformInitiator:HHH000490: Using JtaPlatform implementation: [org.hibernate.engine.transaction.jta.platform.internal.NoJtaPlatform]
2023-02-23 11:38:10,112 INFO  [restartedMain] org.springframework.orm.jpa.LocalContainerEntityManagerFactoryBean:Initialized JPA EntityManagerFactory for persistence unit 'default'
2023-02-23 11:38:10,738 WARN  [restartedMain] org.springframework.boot.autoconfigure.orm.jpa.JpaBaseConfiguration$JpaWebConfiguration:spring.jpa.open-in-view is enabled by default. Therefore, database queries may be performed during view rendering. Explicitly configure spring.jpa.open-in-view to disable this warning
2023-02-23 11:38:10,835 DEBUG [restartedMain] com.tpe.security.AuthTokenFilter:Filter 'authTokenFilter' configured for use
2023-02-23 11:38:11,111 INFO  [restartedMain] org.springframework.security.web.DefaultSecurityFilterChain:Will secure any request with [org.springframework.security.web.context.request.async.WebAsyncManagerIntegrationFilter@1bf04530, org.springframework.security.web.context.SecurityContextPersistenceFilter@7d12add8, org.springframework.security.web.header.HeaderWriterFilter@3d29e10e, org.springframework.security.web.authentication.logout.LogoutFilter@6c60ffe1, com.tpe.security.AuthTokenFilter@85cc42f, org.springframework.security.web.savedrequest.RequestCacheAwareFilter@138c9680, org.springframework.security.web.servletapi.SecurityContextHolderAwareRequestFilter@68b08a4a, org.springframework.security.web.authentication.AnonymousAuthenticationFilter@5f3db32, org.springframework.security.web.session.SessionManagementFilter@711992, org.springframework.security.web.access.ExceptionTranslationFilter@276c971b, org.springframework.security.web.access.intercept.FilterSecurityInterceptor@19a3b530]
2023-02-23 11:38:11,752 INFO  [restartedMain] org.springframework.boot.devtools.autoconfigure.OptionalLiveReloadServer:LiveReload server is running on port 35729
2023-02-23 11:38:11,762 INFO  [restartedMain] org.springframework.boot.actuate.endpoint.web.EndpointLinksResolver:Exposing 4 endpoint(s) beneath base path '/actuator'
2023-02-23 11:38:11,854 INFO  [restartedMain] org.springframework.boot.web.embedded.tomcat.TomcatWebServer:Tomcat started on port(s): 8083 (http) with context path ''
2023-02-23 11:38:11,873 INFO  [restartedMain] com.tpe.JwtAuthApplication:Started JwtAuthApplication in 8.35 seconds (JVM running for 9.265)
